Using pre-set license
Built from '2020.3/staging' branch; Version is '2020.3.0f1 (c7b5465681fb) revision 13088070'; Using compiler version '192528614'; Build Type 'Release'
OS: 'Windows 10 Pro; OS build 17134.1246; Version 1803; 64bit' Language: 'en' Physical Memory: 8103 MB
BatchMode: 1, IsHumanControllingUs: 0, StartBugReporterOnCrash: 0, Is64bit: 1, IsPro: 0

 COMMAND LINE ARGUMENTS:
C:\Program Files\Unity\Hub\Editor\2020.3.0f1\Editor\Unity.exe
-adb2
-batchMode
-noUpm
-name
AssetImportWorker0
-projectPath
F:/Be Fun/Platform Game/made
-logFile
Logs/AssetImportWorker0.log
-srvPort
59224
Successfully changed project path to: F:/Be Fun/Platform Game/made
F:/Be Fun/Platform Game/made
Using Asset Import Pipeline V2.
Refreshing native plugins compatible for Editor in 59.04 ms, found 1 plugins.
Preloading 0 native plugins for Editor in 0.00 ms.
Initialize engine version: 2020.3.0f1 (c7b5465681fb)
[Subsystems] Discovering subsystems at path C:/Program Files/Unity/Hub/Editor/2020.3.0f1/Editor/Data/Resources/UnitySubsystems
[Subsystems] Discovering subsystems at path F:/Be Fun/Platform Game/made/Assets
GfxDevice: creating device client; threaded=0
Direct3D:
    Version:  Direct3D 11.0 [level 11.0]
    Renderer: NVIDIA GeForce 820M (ID=0x1140)
    Vendor:   
    VRAM:     1999 MB
    Driver:   21.21.13.6909
Initialize mono
Mono path[0] = 'C:/Program Files/Unity/Hub/Editor/2020.3.0f1/Editor/Data/Managed'
Mono path[1] = 'C:/Program Files/Unity/Hub/Editor/2020.3.0f1/Editor/Data/MonoBleedingEdge/lib/mono/unityjit'
Mono config path = 'C:/Program Files/Unity/Hub/Editor/2020.3.0f1/Editor/Data/MonoBleedingEdge/etc'
Using monoOptions --debugger-agent=transport=dt_socket,embedding=1,server=y,suspend=n,address=127.0.0.1:56260
Begin MonoManager ReloadAssembly
Registering precompiled unity dll's ...
Register platform support module: C:/Program Files/Unity/Hub/Editor/2020.3.0f1/Editor/Data/PlaybackEngines/WindowsStandaloneSupport/UnityEditor.WindowsStandalone.Extensions.dll
Registered in 0.003319 seconds.
Native extension for WindowsStandalone target not found
Refreshing native plugins compatible for Editor in 54.45 ms, found 1 plugins.
Preloading 0 native plugins for Editor in 0.00 ms.
Invoked RoslynAnalysisRunner static constructor.
RoslynAnalysisRunner will not be running.
RoslynAnalysisRunner has terminated.
Mono: successfully reloaded assembly
- Completed reload, in  2.389 seconds
Platform modules already initialized, skipping
Registering precompiled user dll's ...
Registered in 0.001708 seconds.
Begin MonoManager ReloadAssembly
Native extension for WindowsStandalone target not found
Refreshing native plugins compatible for Editor in 54.79 ms, found 1 plugins.
Preloading 0 native plugins for Editor in 0.00 ms.
Invoked RoslynAnalysisRunner static constructor.
RoslynAnalysisRunner will not be running.
RoslynAnalysisRunner has terminated.
Mono: successfully reloaded assembly
- Completed reload, in  1.661 seconds
Platform modules already initialized, skipping
========================================================================
Worker process is ready to serve import requests
Launched and connected shader compiler UnityShaderCompiler.exe after 0.06 seconds
Refreshing native plugins compatible for Editor in 0.66 ms, found 1 plugins.
Preloading 0 native plugins for Editor in 0.00 ms.
Unloading 1808 Unused Serialized files (Serialized files now loaded: 0)
System memory in use before: 84.6 MB.
System memory in use after: 84.5 MB.

Unloading 24 unused Assets to reduce memory usage. Loaded Objects now: 2250.
Total: 2.757666 ms (FindLiveObjects: 0.212272 ms CreateObjectMapping: 0.079777 ms MarkObjects: 2.281338 ms  DeleteObjects: 0.182880 ms)

========================================================================
Received Import Request.
  path: Assets/Art/Pixel Adventure 1/Assets/Scripts/CameraMovement.cs
  artifactKey: Guid(71cbf2b1e5354324aaa1f3a51f748d92) Importer(815301076,1909f56bfc062723c751e8b465ee728b)
Start importing Assets/Art/Pixel Adventure 1/Assets/Scripts/CameraMovement.cs using Guid(71cbf2b1e5354324aaa1f3a51f748d92) Importer(815301076,1909f56bfc062723c751e8b465ee728b)  -> (artifact id: 'a8804e06c99725a311673f596ddcf0d2') in 0.038315 seconds
  Import took 0.042502 seconds .

========================================================================
Received Import Request.
  Time since last request: 173.544035 seconds.
  path: Assets/Art/Pixel Adventure 1/Assets/Scripts/CameraMovement.cs
  artifactKey: Guid(71cbf2b1e5354324aaa1f3a51f748d92) Importer(815301076,1909f56bfc062723c751e8b465ee728b)
Start importing Assets/Art/Pixel Adventure 1/Assets/Scripts/CameraMovement.cs using Guid(71cbf2b1e5354324aaa1f3a51f748d92) Importer(815301076,1909f56bfc062723c751e8b465ee728b)  -> (artifact id: '3ef82fac6abed54599de26a069369ddf') in 0.004377 seconds
  Import took 0.010967 seconds .

========================================================================
Received Import Request.
  Time since last request: 166.811595 seconds.
  path: Assets/Art/Pixel Adventure 1/Assets/Scripts/CameraMovement.cs
  artifactKey: Guid(71cbf2b1e5354324aaa1f3a51f748d92) Importer(815301076,1909f56bfc062723c751e8b465ee728b)
Start importing Assets/Art/Pixel Adventure 1/Assets/Scripts/CameraMovement.cs using Guid(71cbf2b1e5354324aaa1f3a51f748d92) Importer(815301076,1909f56bfc062723c751e8b465ee728b)  -> (artifact id: '1330af69c3eb68f2430e6b4340ee7d81') in 0.007398 seconds
  Import took 0.014120 seconds .

========================================================================
Received Import Request.
  Time since last request: 551.922270 seconds.
  path: Assets/Art/Pixel Adventure 1/Assets/Scripts/CameraMovement.cs
  artifactKey: Guid(71cbf2b1e5354324aaa1f3a51f748d92) Importer(815301076,1909f56bfc062723c751e8b465ee728b)
Start importing Assets/Art/Pixel Adventure 1/Assets/Scripts/CameraMovement.cs using Guid(71cbf2b1e5354324aaa1f3a51f748d92) Importer(815301076,1909f56bfc062723c751e8b465ee728b)  -> (artifact id: '93009f81e84a1be5c2fa0d6c416ba058') in 0.006226 seconds
  Import took 0.013578 seconds .

========================================================================
Received Import Request.
  Time since last request: 105.980122 seconds.
  path: Assets/Art/Pixel Adventure 1/Assets/Scripts/CameraMovement.cs
  artifactKey: Guid(71cbf2b1e5354324aaa1f3a51f748d92) Importer(815301076,1909f56bfc062723c751e8b465ee728b)
Start importing Assets/Art/Pixel Adventure 1/Assets/Scripts/CameraMovement.cs using Guid(71cbf2b1e5354324aaa1f3a51f748d92) Importer(815301076,1909f56bfc062723c751e8b465ee728b)  -> (artifact id: '29c24b75c49bf5196c5a30446e10fce8') in 0.003737 seconds
  Import took 0.009263 seconds .

========================================================================
Received Prepare
Registering precompiled user dll's ...
Registered in 0.001445 seconds.
Begin MonoManager ReloadAssembly
Native extension for WindowsStandalone target not found
Refreshing native plugins compatible for Editor in 0.72 ms, found 1 plugins.
Preloading 0 native plugins for Editor in 0.00 ms.
Invoked RoslynAnalysisRunner static constructor.
RoslynAnalysisRunner will not be running.
RoslynAnalysisRunner has terminated.
Mono: successfully reloaded assembly
- Completed reload, in  1.649 seconds
Platform modules already initialized, skipping
Refreshing native plugins compatible for Editor in 0.47 ms, found 1 plugins.
Preloading 0 native plugins for Editor in 0.00 ms.
Unloading 1803 Unused Serialized files (Serialized files now loaded: 0)
System memory in use before: 84.6 MB.
System memory in use after: 84.5 MB.

Unloading 12 unused Assets to reduce memory usage. Loaded Objects now: 2254.
Total: 2.762798 ms (FindLiveObjects: 0.264990 ms CreateObjectMapping: 0.090974 ms MarkObjects: 2.255679 ms  DeleteObjects: 0.149757 ms)

========================================================================
Received Prepare
Registering precompiled user dll's ...
Registered in 0.001732 seconds.
Begin MonoManager ReloadAssembly
Native extension for WindowsStandalone target not found
Refreshing native plugins compatible for Editor in 0.50 ms, found 1 plugins.
Preloading 0 native plugins for Editor in 0.00 ms.
Invoked RoslynAnalysisRunner static constructor.
RoslynAnalysisRunner will not be running.
RoslynAnalysisRunner has terminated.
Mono: successfully reloaded assembly
- Completed reload, in  1.413 seconds
Platform modules already initialized, skipping
Refreshing native plugins compatible for Editor in 0.46 ms, found 1 plugins.
Preloading 0 native plugins for Editor in 0.00 ms.
Unloading 1803 Unused Serialized files (Serialized files now loaded: 0)
System memory in use before: 84.6 MB.
System memory in use after: 84.6 MB.

Unloading 12 unused Assets to reduce memory usage. Loaded Objects now: 2258.
Total: 3.142088 ms (FindLiveObjects: 0.330304 ms CreateObjectMapping: 0.153955 ms MarkObjects: 2.502940 ms  DeleteObjects: 0.152556 ms)

========================================================================
Received Import Request.
  Time since last request: 374.262526 seconds.
  path: Assets/Art/Pixel Adventure 1/Assets/Scripts/CameraMovement.cs
  artifactKey: Guid(71cbf2b1e5354324aaa1f3a51f748d92) Importer(815301076,1909f56bfc062723c751e8b465ee728b)
Start importing Assets/Art/Pixel Adventure 1/Assets/Scripts/CameraMovement.cs using Guid(71cbf2b1e5354324aaa1f3a51f748d92) Importer(815301076,1909f56bfc062723c751e8b465ee728b)  -> (artifact id: '27bcd12a29b28ecd2dd60fb4f78e6592') in 0.007078 seconds
  Import took 0.011521 seconds .

========================================================================
Received Prepare
Registering precompiled user dll's ...
Registered in 0.001372 seconds.
Begin MonoManager ReloadAssembly
Native extension for WindowsStandalone target not found
Refreshing native plugins compatible for Editor in 0.50 ms, found 1 plugins.
Preloading 0 native plugins for Editor in 0.00 ms.
Invoked RoslynAnalysisRunner static constructor.
RoslynAnalysisRunner will not be running.
RoslynAnalysisRunner has terminated.
Mono: successfully reloaded assembly
- Completed reload, in  1.550 seconds
Platform modules already initialized, skipping
Refreshing native plugins compatible for Editor in 0.84 ms, found 1 plugins.
Preloading 0 native plugins for Editor in 0.00 ms.
Unloading 1803 Unused Serialized files (Serialized files now loaded: 0)
System memory in use before: 84.6 MB.
System memory in use after: 84.6 MB.

Unloading 12 unused Assets to reduce memory usage. Loaded Objects now: 2262.
Total: 3.094502 ms (FindLiveObjects: 0.395152 ms CreateObjectMapping: 0.124564 ms MarkObjects: 2.400303 ms  DeleteObjects: 0.172150 ms)

========================================================================
Received Prepare
Registering precompiled user dll's ...
Registered in 0.001475 seconds.
Begin MonoManager ReloadAssembly
Native extension for WindowsStandalone target not found
Refreshing native plugins compatible for Editor in 0.50 ms, found 1 plugins.
Preloading 0 native plugins for Editor in 0.00 ms.
Invoked RoslynAnalysisRunner static constructor.
RoslynAnalysisRunner will not be running.
RoslynAnalysisRunner has terminated.
Mono: successfully reloaded assembly
- Completed reload, in  2.571 seconds
Platform modules already initialized, skipping
Refreshing native plugins compatible for Editor in 0.53 ms, found 1 plugins.
Preloading 0 native plugins for Editor in 0.00 ms.
Unloading 1803 Unused Serialized files (Serialized files now loaded: 0)
System memory in use before: 84.6 MB.
System memory in use after: 84.6 MB.

Unloading 12 unused Assets to reduce memory usage. Loaded Objects now: 2266.
Total: 3.139756 ms (FindLiveObjects: 0.351765 ms CreateObjectMapping: 0.096105 ms MarkObjects: 2.524867 ms  DeleteObjects: 0.165152 ms)

========================================================================
Received Prepare
Registering precompiled user dll's ...
Registered in 0.002012 seconds.
Begin MonoManager ReloadAssembly
Native extension for WindowsStandalone target not found
Refreshing native plugins compatible for Editor in 0.95 ms, found 1 plugins.
Preloading 0 native plugins for Editor in 0.00 ms.
Invoked RoslynAnalysisRunner static constructor.
RoslynAnalysisRunner will not be running.
RoslynAnalysisRunner has terminated.
Mono: successfully reloaded assembly
- Completed reload, in  2.298 seconds
Platform modules already initialized, skipping
Refreshing native plugins compatible for Editor in 0.80 ms, found 1 plugins.
Preloading 0 native plugins for Editor in 0.00 ms.
Unloading 1803 Unused Serialized files (Serialized files now loaded: 0)
System memory in use before: 84.6 MB.
System memory in use after: 84.6 MB.

Unloading 12 unused Assets to reduce memory usage. Loaded Objects now: 2270.
Total: 5.349248 ms (FindLiveObjects: 0.246795 ms CreateObjectMapping: 0.096105 ms MarkObjects: 4.752554 ms  DeleteObjects: 0.250994 ms)

========================================================================
Received Prepare
Registering precompiled user dll's ...
Registered in 0.001410 seconds.
Begin MonoManager ReloadAssembly
Native extension for WindowsStandalone target not found
Refreshing native plugins compatible for Editor in 0.47 ms, found 1 plugins.
Preloading 0 native plugins for Editor in 0.00 ms.
Invoked RoslynAnalysisRunner static constructor.
RoslynAnalysisRunner will not be running.
RoslynAnalysisRunner has terminated.
Mono: successfully reloaded assembly
- Completed reload, in  1.395 seconds
Platform modules already initialized, skipping
Refreshing native plugins compatible for Editor in 0.61 ms, found 1 plugins.
Preloading 0 native plugins for Editor in 0.00 ms.
Unloading 1803 Unused Serialized files (Serialized files now loaded: 0)
System memory in use before: 84.7 MB.
System memory in use after: 84.6 MB.

Unloading 12 unused Assets to reduce memory usage. Loaded Objects now: 2274.
Total: 2.677890 ms (FindLiveObjects: 0.254726 ms CreateObjectMapping: 0.089107 ms MarkObjects: 2.173569 ms  DeleteObjects: 0.159087 ms)

========================================================================
Received Prepare
Registering precompiled user dll's ...
Registered in 0.001483 seconds.
Begin MonoManager ReloadAssembly
Native extension for WindowsStandalone target not found
Refreshing native plugins compatible for Editor in 0.47 ms, found 1 plugins.
Preloading 0 native plugins for Editor in 0.00 ms.
Invoked RoslynAnalysisRunner static constructor.
RoslynAnalysisRunner will not be running.
RoslynAnalysisRunner has terminated.
Mono: successfully reloaded assembly
- Completed reload, in  1.273 seconds
Platform modules already initialized, skipping
Refreshing native plugins compatible for Editor in 0.49 ms, found 1 plugins.
Preloading 0 native plugins for Editor in 0.00 ms.
Unloading 1803 Unused Serialized files (Serialized files now loaded: 0)
System memory in use before: 84.7 MB.
System memory in use after: 84.7 MB.

Unloading 12 unused Assets to reduce memory usage. Loaded Objects now: 2278.
Total: 3.109898 ms (FindLiveObjects: 0.344767 ms CreateObjectMapping: 0.085375 ms MarkObjects: 2.526267 ms  DeleteObjects: 0.152089 ms)

========================================================================
Received Prepare
Registering precompiled user dll's ...
Registered in 0.001794 seconds.
Begin MonoManager ReloadAssembly
Native extension for WindowsStandalone target not found
Refreshing native plugins compatible for Editor in 0.52 ms, found 1 plugins.
Preloading 0 native plugins for Editor in 0.00 ms.
Invoked RoslynAnalysisRunner static constructor.
RoslynAnalysisRunner will not be running.
RoslynAnalysisRunner has terminated.
Mono: successfully reloaded assembly
- Completed reload, in  1.497 seconds
Platform modules already initialized, skipping
Refreshing native plugins compatible for Editor in 0.49 ms, found 1 plugins.
Preloading 0 native plugins for Editor in 0.00 ms.
Unloading 1803 Unused Serialized files (Serialized files now loaded: 0)
System memory in use before: 84.7 MB.
System memory in use after: 84.7 MB.

Unloading 12 unused Assets to reduce memory usage. Loaded Objects now: 2282.
Total: 4.057423 ms (FindLiveObjects: 0.324239 ms CreateObjectMapping: 0.086308 ms MarkObjects: 3.486388 ms  DeleteObjects: 0.158621 ms)

========================================================================
Received Prepare
Registering precompiled user dll's ...
Registered in 0.001403 seconds.
Begin MonoManager ReloadAssembly
Native extension for WindowsStandalone target not found
Refreshing native plugins compatible for Editor in 0.49 ms, found 1 plugins.
Preloading 0 native plugins for Editor in 0.00 ms.
Invoked RoslynAnalysisRunner static constructor.
RoslynAnalysisRunner will not be running.
RoslynAnalysisRunner has terminated.
Mono: successfully reloaded assembly
- Completed reload, in  1.233 seconds
Platform modules already initialized, skipping
Refreshing native plugins compatible for Editor in 0.58 ms, found 1 plugins.
Preloading 0 native plugins for Editor in 0.00 ms.
Unloading 1803 Unused Serialized files (Serialized files now loaded: 0)
System memory in use before: 84.7 MB.
System memory in use after: 84.7 MB.

Unloading 12 unused Assets to reduce memory usage. Loaded Objects now: 2286.
Total: 3.164015 ms (FindLiveObjects: 0.345700 ms CreateObjectMapping: 0.154888 ms MarkObjects: 2.498742 ms  DeleteObjects: 0.161886 ms)

========================================================================
Received Prepare
Registering precompiled user dll's ...
Registered in 0.002178 seconds.
Begin MonoManager ReloadAssembly
Native extension for WindowsStandalone target not found
Refreshing native plugins compatible for Editor in 0.45 ms, found 1 plugins.
Preloading 0 native plugins for Editor in 0.00 ms.
Invoked RoslynAnalysisRunner static constructor.
RoslynAnalysisRunner will not be running.
RoslynAnalysisRunner has terminated.
Mono: successfully reloaded assembly
- Completed reload, in  1.164 seconds
Platform modules already initialized, skipping
Refreshing native plugins compatible for Editor in 0.53 ms, found 1 plugins.
Preloading 0 native plugins for Editor in 0.00 ms.
Unloading 1803 Unused Serialized files (Serialized files now loaded: 0)
System memory in use before: 84.7 MB.
System memory in use after: 84.7 MB.

Unloading 12 unused Assets to reduce memory usage. Loaded Objects now: 2290.
Total: 2.676956 ms (FindLiveObjects: 0.344767 ms CreateObjectMapping: 0.085375 ms MarkObjects: 2.043407 ms  DeleteObjects: 0.202008 ms)

AssetImportWorkerClient::OnTransportError - code=2 error=End of file
