Using pre-set license
Built from '2020.3/staging' branch; Version is '2020.3.0f1 (c7b5465681fb) revision 13088070'; Using compiler version '192528614'; Build Type 'Release'
OS: 'Windows 10 Pro; OS build 17134.1246; Version 1803; 64bit' Language: 'en' Physical Memory: 8103 MB
BatchMode: 1, IsHumanControllingUs: 0, StartBugReporterOnCrash: 0, Is64bit: 1, IsPro: 0

 COMMAND LINE ARGUMENTS:
C:\Program Files\Unity\Hub\Editor\2020.3.0f1\Editor\Unity.exe
-adb2
-batchMode
-noUpm
-name
AssetImportWorker0
-projectPath
F:/Be Fun/Hyper Casual Game/Made/Mega Cube 3D
-logFile
Logs/AssetImportWorker0.log
-srvPort
60690
Successfully changed project path to: F:/Be Fun/Hyper Casual Game/Made/Mega Cube 3D
F:/Be Fun/Hyper Casual Game/Made/Mega Cube 3D
Using Asset Import Pipeline V2.
Refreshing native plugins compatible for Editor in 32.77 ms, found 0 plugins.
Preloading 0 native plugins for Editor in 0.00 ms.
Initialize engine version: 2020.3.0f1 (c7b5465681fb)
[Subsystems] Discovering subsystems at path C:/Program Files/Unity/Hub/Editor/2020.3.0f1/Editor/Data/Resources/UnitySubsystems
[Subsystems] Discovering subsystems at path F:/Be Fun/Hyper Casual Game/Made/Mega Cube 3D/Assets
GfxDevice: creating device client; threaded=0
Direct3D:
    Version:  Direct3D 11.0 [level 11.0]
    Renderer: NVIDIA GeForce 820M (ID=0x1140)
    Vendor:   
    VRAM:     1999 MB
    Driver:   21.21.13.6909
Initialize mono
Mono path[0] = 'C:/Program Files/Unity/Hub/Editor/2020.3.0f1/Editor/Data/Managed'
Mono path[1] = 'C:/Program Files/Unity/Hub/Editor/2020.3.0f1/Editor/Data/MonoBleedingEdge/lib/mono/unityjit'
Mono config path = 'C:/Program Files/Unity/Hub/Editor/2020.3.0f1/Editor/Data/MonoBleedingEdge/etc'
Using monoOptions --debugger-agent=transport=dt_socket,embedding=1,server=y,suspend=n,address=127.0.0.1:56580
Begin MonoManager ReloadAssembly
Registering precompiled unity dll's ...
Register platform support module: C:/Program Files/Unity/Hub/Editor/2020.3.0f1/Editor/Data/PlaybackEngines/WindowsStandaloneSupport/UnityEditor.WindowsStandalone.Extensions.dll
Registered in 0.003277 seconds.
Native extension for WindowsStandalone target not found
Refreshing native plugins compatible for Editor in 34.51 ms, found 0 plugins.
Preloading 0 native plugins for Editor in 0.00 ms.
Invoked RoslynAnalysisRunner static constructor.
RoslynAnalysisRunner will not be running.
RoslynAnalysisRunner has terminated.
Mono: successfully reloaded assembly
- Completed reload, in  2.353 seconds
Platform modules already initialized, skipping
Registering precompiled user dll's ...
Registered in 0.001113 seconds.
Begin MonoManager ReloadAssembly
Native extension for WindowsStandalone target not found
Refreshing native plugins compatible for Editor in 0.24 ms, found 0 plugins.
Preloading 0 native plugins for Editor in 0.00 ms.
Invoked RoslynAnalysisRunner static constructor.
RoslynAnalysisRunner will not be running.
RoslynAnalysisRunner has terminated.
Mono: successfully reloaded assembly
- Completed reload, in  1.398 seconds
Platform modules already initialized, skipping
========================================================================
Worker process is ready to serve import requests
Launched and connected shader compiler UnityShaderCompiler.exe after 0.07 seconds
Refreshing native plugins compatible for Editor in 0.29 ms, found 0 plugins.
Preloading 0 native plugins for Editor in 0.00 ms.
Unloading 1127 Unused Serialized files (Serialized files now loaded: 0)
System memory in use before: 59.0 MB.
System memory in use after: 59.0 MB.

Unloading 10 unused Assets to reduce memory usage. Loaded Objects now: 1570.
Total: 2.791257 ms (FindLiveObjects: 0.464665 ms CreateObjectMapping: 0.122231 ms MarkObjects: 2.078863 ms  DeleteObjects: 0.123631 ms)

========================================================================
Received Import Request.
  path: Assets/Scripts/Cube.cs
  artifactKey: Guid(6c156f1d5b2526c4d80b26572ad18a74) Importer(815301076,1909f56bfc062723c751e8b465ee728b)
Start importing Assets/Scripts/Cube.cs using Guid(6c156f1d5b2526c4d80b26572ad18a74) Importer(815301076,1909f56bfc062723c751e8b465ee728b)  -> (artifact id: '599c08b859df22c6a8cb9eadb63013da') in 0.067255 seconds
  Import took 0.070856 seconds .

========================================================================
Received Import Request.
  Time since last request: 303.947674 seconds.
  path: Assets/Scripts/Cube.cs
  artifactKey: Guid(6c156f1d5b2526c4d80b26572ad18a74) Importer(815301076,1909f56bfc062723c751e8b465ee728b)
Start importing Assets/Scripts/Cube.cs using Guid(6c156f1d5b2526c4d80b26572ad18a74) Importer(815301076,1909f56bfc062723c751e8b465ee728b)  -> (artifact id: '7de6040900ac91106d6098b080692619') in 0.004683 seconds
  Import took 0.009546 seconds .

========================================================================
Received Import Request.
  Time since last request: 26.194545 seconds.
  path: Assets/Scripts/Cube.cs
  artifactKey: Guid(6c156f1d5b2526c4d80b26572ad18a74) Importer(815301076,1909f56bfc062723c751e8b465ee728b)
Start importing Assets/Scripts/Cube.cs using Guid(6c156f1d5b2526c4d80b26572ad18a74) Importer(815301076,1909f56bfc062723c751e8b465ee728b)  -> (artifact id: 'e892b2a25122305b9942c5853ba8fc28') in 0.004440 seconds
  Import took 0.007694 seconds .

========================================================================
Received Import Request.
  Time since last request: 7.297632 seconds.
  path: Assets/Scripts/Cube.cs
  artifactKey: Guid(6c156f1d5b2526c4d80b26572ad18a74) Importer(815301076,1909f56bfc062723c751e8b465ee728b)
Start importing Assets/Scripts/Cube.cs using Guid(6c156f1d5b2526c4d80b26572ad18a74) Importer(815301076,1909f56bfc062723c751e8b465ee728b)  -> (artifact id: '8b2d676c7c596b9d3ee21e8ed348db54') in 0.006409 seconds
  Import took 0.010486 seconds .

========================================================================
Received Import Request.
  Time since last request: 0.004112 seconds.
  path: Assets/Scripts/Cube.cs
  artifactKey: Guid(6c156f1d5b2526c4d80b26572ad18a74) Importer(815301076,1909f56bfc062723c751e8b465ee728b)
Start importing Assets/Scripts/Cube.cs using Guid(6c156f1d5b2526c4d80b26572ad18a74) Importer(815301076,1909f56bfc062723c751e8b465ee728b)  -> (artifact id: '8b2d676c7c596b9d3ee21e8ed348db54') in 0.005832 seconds
  Import took 0.009681 seconds .

========================================================================
Received Import Request.
  Time since last request: 48.216636 seconds.
  path: Assets/Scripts/Cube.cs
  artifactKey: Guid(6c156f1d5b2526c4d80b26572ad18a74) Importer(815301076,1909f56bfc062723c751e8b465ee728b)
Start importing Assets/Scripts/Cube.cs using Guid(6c156f1d5b2526c4d80b26572ad18a74) Importer(815301076,1909f56bfc062723c751e8b465ee728b)  -> (artifact id: '6d36de4f24718c7eca7b61ec20e47187') in 0.004613 seconds
  Import took 0.011920 seconds .

========================================================================
Received Import Request.
  Time since last request: 92.516763 seconds.
  path: Assets/Scripts/Cube.cs
  artifactKey: Guid(6c156f1d5b2526c4d80b26572ad18a74) Importer(815301076,1909f56bfc062723c751e8b465ee728b)
Start importing Assets/Scripts/Cube.cs using Guid(6c156f1d5b2526c4d80b26572ad18a74) Importer(815301076,1909f56bfc062723c751e8b465ee728b)  -> (artifact id: 'af09d646b1b4ae407ff012189d42f3aa') in 0.004801 seconds
  Import took 0.012128 seconds .

========================================================================
Received Import Request.
  Time since last request: 0.004392 seconds.
  path: Assets/Scripts/Cube.cs
  artifactKey: Guid(6c156f1d5b2526c4d80b26572ad18a74) Importer(815301076,1909f56bfc062723c751e8b465ee728b)
Start importing Assets/Scripts/Cube.cs using Guid(6c156f1d5b2526c4d80b26572ad18a74) Importer(815301076,1909f56bfc062723c751e8b465ee728b)  -> (artifact id: 'af09d646b1b4ae407ff012189d42f3aa') in 0.005861 seconds
  Import took 0.009315 seconds .

========================================================================
Received Import Request.
  Time since last request: 3.473220 seconds.
  path: Assets/Scripts/Cube.cs
  artifactKey: Guid(6c156f1d5b2526c4d80b26572ad18a74) Importer(815301076,1909f56bfc062723c751e8b465ee728b)
Start importing Assets/Scripts/Cube.cs using Guid(6c156f1d5b2526c4d80b26572ad18a74) Importer(815301076,1909f56bfc062723c751e8b465ee728b)  -> (artifact id: '6751640a938fd5c0a93ed8d52f8e2105') in 0.006622 seconds
  Import took 0.010890 seconds .

========================================================================
Received Import Request.
  Time since last request: 0.005428 seconds.
  path: Assets/Scripts/Cube.cs
  artifactKey: Guid(6c156f1d5b2526c4d80b26572ad18a74) Importer(815301076,1909f56bfc062723c751e8b465ee728b)
Start importing Assets/Scripts/Cube.cs using Guid(6c156f1d5b2526c4d80b26572ad18a74) Importer(815301076,1909f56bfc062723c751e8b465ee728b)  -> (artifact id: '6751640a938fd5c0a93ed8d52f8e2105') in 0.006110 seconds
  Import took 0.009908 seconds .

========================================================================
Received Import Request.
  Time since last request: 3.432674 seconds.
  path: Assets/Scripts/Cube.cs
  artifactKey: Guid(6c156f1d5b2526c4d80b26572ad18a74) Importer(815301076,1909f56bfc062723c751e8b465ee728b)
Start importing Assets/Scripts/Cube.cs using Guid(6c156f1d5b2526c4d80b26572ad18a74) Importer(815301076,1909f56bfc062723c751e8b465ee728b)  -> (artifact id: '6db5f4a4e2500e833babdb155de1f4e5') in 0.013165 seconds
  Import took 0.018422 seconds .

========================================================================
Received Import Request.
  Time since last request: 0.000595 seconds.
  path: Assets/Scripts/Cube.cs
  artifactKey: Guid(6c156f1d5b2526c4d80b26572ad18a74) Importer(815301076,1909f56bfc062723c751e8b465ee728b)
Start importing Assets/Scripts/Cube.cs using Guid(6c156f1d5b2526c4d80b26572ad18a74) Importer(815301076,1909f56bfc062723c751e8b465ee728b)  -> (artifact id: '6db5f4a4e2500e833babdb155de1f4e5') in 0.004982 seconds
  Import took 0.009895 seconds .

========================================================================
Received Import Request.
  Time since last request: 33.391578 seconds.
  path: Assets/Scripts/Cube.cs
  artifactKey: Guid(6c156f1d5b2526c4d80b26572ad18a74) Importer(815301076,1909f56bfc062723c751e8b465ee728b)
Start importing Assets/Scripts/Cube.cs using Guid(6c156f1d5b2526c4d80b26572ad18a74) Importer(815301076,1909f56bfc062723c751e8b465ee728b)  -> (artifact id: '6f2752fb79c6c52665c8e67f6f24c162') in 0.003689 seconds
  Import took 0.008128 seconds .

========================================================================
Received Import Request.
  Time since last request: 0.041874 seconds.
  path: Assets/Scripts/Cube.cs
  artifactKey: Guid(6c156f1d5b2526c4d80b26572ad18a74) Importer(815301076,1909f56bfc062723c751e8b465ee728b)
Start importing Assets/Scripts/Cube.cs using Guid(6c156f1d5b2526c4d80b26572ad18a74) Importer(815301076,1909f56bfc062723c751e8b465ee728b)  -> (artifact id: '6f2752fb79c6c52665c8e67f6f24c162') in 0.003578 seconds
  Import took 0.007584 seconds .

========================================================================
Received Import Request.
  Time since last request: 4.549620 seconds.
  path: Assets/Scripts/Cube.cs
  artifactKey: Guid(6c156f1d5b2526c4d80b26572ad18a74) Importer(815301076,1909f56bfc062723c751e8b465ee728b)
Start importing Assets/Scripts/Cube.cs using Guid(6c156f1d5b2526c4d80b26572ad18a74) Importer(815301076,1909f56bfc062723c751e8b465ee728b)  -> (artifact id: 'e85cb54ed799a6dce28c04b265d28541') in 0.008670 seconds
  Import took 0.013890 seconds .

========================================================================
Received Import Request.
  Time since last request: 0.004007 seconds.
  path: Assets/Scripts/Cube.cs
  artifactKey: Guid(6c156f1d5b2526c4d80b26572ad18a74) Importer(815301076,1909f56bfc062723c751e8b465ee728b)
Start importing Assets/Scripts/Cube.cs using Guid(6c156f1d5b2526c4d80b26572ad18a74) Importer(815301076,1909f56bfc062723c751e8b465ee728b)  -> (artifact id: 'e85cb54ed799a6dce28c04b265d28541') in 0.007401 seconds
  Import took 0.012204 seconds .

========================================================================
Received Import Request.
  Time since last request: 257.685139 seconds.
  path: Assets/Scripts/Cube.cs
  artifactKey: Guid(6c156f1d5b2526c4d80b26572ad18a74) Importer(815301076,1909f56bfc062723c751e8b465ee728b)
Start importing Assets/Scripts/Cube.cs using Guid(6c156f1d5b2526c4d80b26572ad18a74) Importer(815301076,1909f56bfc062723c751e8b465ee728b)  -> (artifact id: '8f32814e1323098062d1ad1a5b598f66') in 0.013954 seconds
  Import took 0.020878 seconds .

========================================================================
Received Import Request.
  Time since last request: 0.001756 seconds.
  path: Assets/Scripts/Cube.cs
  artifactKey: Guid(6c156f1d5b2526c4d80b26572ad18a74) Importer(815301076,1909f56bfc062723c751e8b465ee728b)
Start importing Assets/Scripts/Cube.cs using Guid(6c156f1d5b2526c4d80b26572ad18a74) Importer(815301076,1909f56bfc062723c751e8b465ee728b)  -> (artifact id: '8f32814e1323098062d1ad1a5b598f66') in 0.006905 seconds
  Import took 0.011451 seconds .

========================================================================
Received Import Request.
  Time since last request: 81.248296 seconds.
  path: Assets/Scripts/Cube.cs
  artifactKey: Guid(6c156f1d5b2526c4d80b26572ad18a74) Importer(815301076,1909f56bfc062723c751e8b465ee728b)
Start importing Assets/Scripts/Cube.cs using Guid(6c156f1d5b2526c4d80b26572ad18a74) Importer(815301076,1909f56bfc062723c751e8b465ee728b)  -> (artifact id: '10010c1e50bfc2ccc56ae9ffa567232b') in 0.008045 seconds
  Import took 0.015643 seconds .

========================================================================
Received Import Request.
  Time since last request: 0.003948 seconds.
  path: Assets/Scripts/Cube.cs
  artifactKey: Guid(6c156f1d5b2526c4d80b26572ad18a74) Importer(815301076,1909f56bfc062723c751e8b465ee728b)
Start importing Assets/Scripts/Cube.cs using Guid(6c156f1d5b2526c4d80b26572ad18a74) Importer(815301076,1909f56bfc062723c751e8b465ee728b)  -> (artifact id: '10010c1e50bfc2ccc56ae9ffa567232b') in 0.006527 seconds
  Import took 0.010301 seconds .

========================================================================
Received Import Request.
  Time since last request: 65.344818 seconds.
  path: Assets/Scripts/Cube.cs
  artifactKey: Guid(6c156f1d5b2526c4d80b26572ad18a74) Importer(815301076,1909f56bfc062723c751e8b465ee728b)
Start importing Assets/Scripts/Cube.cs using Guid(6c156f1d5b2526c4d80b26572ad18a74) Importer(815301076,1909f56bfc062723c751e8b465ee728b)  -> (artifact id: 'c3d3a026f580187045f9c44550e92691') in 0.016211 seconds
  Import took 0.022691 seconds .

========================================================================
Received Import Request.
  Time since last request: 0.001267 seconds.
  path: Assets/Scripts/Cube.cs
  artifactKey: Guid(6c156f1d5b2526c4d80b26572ad18a74) Importer(815301076,1909f56bfc062723c751e8b465ee728b)
Start importing Assets/Scripts/Cube.cs using Guid(6c156f1d5b2526c4d80b26572ad18a74) Importer(815301076,1909f56bfc062723c751e8b465ee728b)  -> (artifact id: 'c3d3a026f580187045f9c44550e92691') in 0.018194 seconds
  Import took 0.027477 seconds .

========================================================================
Received Prepare
Registering precompiled user dll's ...
Registered in 0.000983 seconds.
Begin MonoManager ReloadAssembly
Native extension for WindowsStandalone target not found
Refreshing native plugins compatible for Editor in 0.25 ms, found 0 plugins.
Preloading 0 native plugins for Editor in 0.00 ms.
Invoked RoslynAnalysisRunner static constructor.
RoslynAnalysisRunner will not be running.
RoslynAnalysisRunner has terminated.
Mono: successfully reloaded assembly
- Completed reload, in  2.482 seconds
Platform modules already initialized, skipping
Refreshing native plugins compatible for Editor in 0.31 ms, found 0 plugins.
Preloading 0 native plugins for Editor in 0.00 ms.
Unloading 1109 Unused Serialized files (Serialized files now loaded: 0)
System memory in use before: 57.9 MB.
System memory in use after: 58.0 MB.

Unloading 5 unused Assets to reduce memory usage. Loaded Objects now: 1573.
Total: 2.757666 ms (FindLiveObjects: 0.168418 ms CreateObjectMapping: 0.045254 ms MarkObjects: 2.377443 ms  DeleteObjects: 0.164686 ms)

========================================================================
Received Import Request.
  Time since last request: 97.031637 seconds.
  path: Assets/Prefabs/Cube.prefab
  artifactKey: Guid(b6878721b76622342997c9f269eb271c) Importer(815301076,1909f56bfc062723c751e8b465ee728b)
Start importing Assets/Prefabs/Cube.prefab using Guid(b6878721b76622342997c9f269eb271c) Importer(815301076,1909f56bfc062723c751e8b465ee728b)  -> (artifact id: '1dc9cb5958f6dd9a457efa944c3c0b9a') in 0.617722 seconds
  Import took 0.645269 seconds .

========================================================================
Received Import Request.
  Time since last request: 118.702017 seconds.
  path: Assets/Prefabs/Cube.prefab
  artifactKey: Guid(b6878721b76622342997c9f269eb271c) Importer(815301076,1909f56bfc062723c751e8b465ee728b)
Start importing Assets/Prefabs/Cube.prefab using Guid(b6878721b76622342997c9f269eb271c) Importer(815301076,1909f56bfc062723c751e8b465ee728b)  -> (artifact id: '032af45c30d5b2a262da52dc8a08cd72') in 0.082080 seconds
  Import took 0.087448 seconds .

========================================================================
Received Import Request.
  Time since last request: 97.449228 seconds.
  path: Assets/Prefabs/Cube.prefab
  artifactKey: Guid(b6878721b76622342997c9f269eb271c) Importer(815301076,1909f56bfc062723c751e8b465ee728b)
Start importing Assets/Prefabs/Cube.prefab using Guid(b6878721b76622342997c9f269eb271c) Importer(815301076,1909f56bfc062723c751e8b465ee728b)  -> (artifact id: '5a6fd66f93b3ba188e743f0d25ee3250') in 0.080606 seconds
  Import took 0.085612 seconds .

========================================================================
Received Prepare
Registering precompiled user dll's ...
Registered in 0.003596 seconds.
Begin MonoManager ReloadAssembly
Native extension for WindowsStandalone target not found
Refreshing native plugins compatible for Editor in 0.29 ms, found 0 plugins.
Preloading 0 native plugins for Editor in 0.00 ms.
Invoked RoslynAnalysisRunner static constructor.
RoslynAnalysisRunner will not be running.
RoslynAnalysisRunner has terminated.
Mono: successfully reloaded assembly
- Completed reload, in  2.307 seconds
Platform modules already initialized, skipping
Refreshing native plugins compatible for Editor in 2.46 ms, found 0 plugins.
Preloading 0 native plugins for Editor in 0.00 ms.
Unloading 1110 Unused Serialized files (Serialized files now loaded: 0)
System memory in use before: 61.1 MB.
System memory in use after: 61.2 MB.

Unloading 5 unused Assets to reduce memory usage. Loaded Objects now: 1584.
Total: 2.379776 ms (FindLiveObjects: 0.257059 ms CreateObjectMapping: 0.106836 ms MarkObjects: 1.936105 ms  DeleteObjects: 0.077911 ms)

========================================================================
Received Prepare
Registering precompiled user dll's ...
Registered in 0.001451 seconds.
Begin MonoManager ReloadAssembly
Native extension for WindowsStandalone target not found
Refreshing native plugins compatible for Editor in 0.58 ms, found 0 plugins.
Preloading 0 native plugins for Editor in 0.00 ms.
Invoked RoslynAnalysisRunner static constructor.
RoslynAnalysisRunner will not be running.
RoslynAnalysisRunner has terminated.
Mono: successfully reloaded assembly
- Completed reload, in  2.447 seconds
Platform modules already initialized, skipping
Refreshing native plugins compatible for Editor in 0.49 ms, found 0 plugins.
Preloading 0 native plugins for Editor in 0.00 ms.
Unloading 1110 Unused Serialized files (Serialized files now loaded: 0)
System memory in use before: 61.2 MB.
System memory in use after: 61.2 MB.

Unloading 5 unused Assets to reduce memory usage. Loaded Objects now: 1587.
Total: 3.183609 ms (FindLiveObjects: 0.239331 ms CreateObjectMapping: 0.092373 ms MarkObjects: 2.687687 ms  DeleteObjects: 0.160487 ms)

========================================================================
Received Import Request.
  Time since last request: 2204.349465 seconds.
  path: Assets/Scripts/Player.cs
  artifactKey: Guid(d4a9f64b0a990434b9b9f1667faa6b7d) Importer(815301076,1909f56bfc062723c751e8b465ee728b)
Start importing Assets/Scripts/Player.cs using Guid(d4a9f64b0a990434b9b9f1667faa6b7d) Importer(815301076,1909f56bfc062723c751e8b465ee728b)  -> (artifact id: '66ed89565773365b6e0ceee4ef0f574f') in 0.077038 seconds
  Import took 0.093260 seconds .

========================================================================
Received Prepare
Registering precompiled user dll's ...
Registered in 0.001086 seconds.
Begin MonoManager ReloadAssembly
Native extension for WindowsStandalone target not found
Refreshing native plugins compatible for Editor in 0.35 ms, found 0 plugins.
Preloading 0 native plugins for Editor in 0.00 ms.
Invoked RoslynAnalysisRunner static constructor.
RoslynAnalysisRunner will not be running.
RoslynAnalysisRunner has terminated.
Mono: successfully reloaded assembly
- Completed reload, in  2.516 seconds
Platform modules already initialized, skipping
Refreshing native plugins compatible for Editor in 0.32 ms, found 0 plugins.
Preloading 0 native plugins for Editor in 0.00 ms.
Unloading 1111 Unused Serialized files (Serialized files now loaded: 0)
System memory in use before: 61.2 MB.
System memory in use after: 61.3 MB.

Unloading 5 unused Assets to reduce memory usage. Loaded Objects now: 1591.
Total: 4.364867 ms (FindLiveObjects: 1.637525 ms CreateObjectMapping: 0.139026 ms MarkObjects: 2.501074 ms  DeleteObjects: 0.083976 ms)

========================================================================
Received Import Request.
  Time since last request: 2674.035364 seconds.
  path: Assets/Scripts/Player.cs
  artifactKey: Guid(d4a9f64b0a990434b9b9f1667faa6b7d) Importer(815301076,1909f56bfc062723c751e8b465ee728b)
Start importing Assets/Scripts/Player.cs using Guid(d4a9f64b0a990434b9b9f1667faa6b7d) Importer(815301076,1909f56bfc062723c751e8b465ee728b)  -> (artifact id: 'fecbe3cb33e997af280a9719007f270e') in 0.037921 seconds
  Import took 0.079523 seconds .

========================================================================
Received Prepare
Registering precompiled user dll's ...
Registered in 0.001428 seconds.
Begin MonoManager ReloadAssembly
Native extension for WindowsStandalone target not found
Refreshing native plugins compatible for Editor in 0.26 ms, found 0 plugins.
Preloading 0 native plugins for Editor in 0.00 ms.
Invoked RoslynAnalysisRunner static constructor.
RoslynAnalysisRunner will not be running.
RoslynAnalysisRunner has terminated.
Mono: successfully reloaded assembly
- Completed reload, in  1.794 seconds
Platform modules already initialized, skipping
Refreshing native plugins compatible for Editor in 0.28 ms, found 0 plugins.
Preloading 0 native plugins for Editor in 0.00 ms.
Unloading 1111 Unused Serialized files (Serialized files now loaded: 0)
System memory in use before: 61.2 MB.
System memory in use after: 61.3 MB.

Unloading 5 unused Assets to reduce memory usage. Loaded Objects now: 1594.
Total: 8.290727 ms (FindLiveObjects: 0.531379 ms CreateObjectMapping: 1.079087 ms MarkObjects: 6.586489 ms  DeleteObjects: 0.091440 ms)

========================================================================
Received Prepare
Registering precompiled user dll's ...
Registered in 0.001144 seconds.
Begin MonoManager ReloadAssembly
Native extension for WindowsStandalone target not found
Refreshing native plugins compatible for Editor in 0.24 ms, found 0 plugins.
Preloading 0 native plugins for Editor in 0.00 ms.
Invoked RoslynAnalysisRunner static constructor.
RoslynAnalysisRunner will not be running.
RoslynAnalysisRunner has terminated.
Mono: successfully reloaded assembly
- Completed reload, in  1.460 seconds
Platform modules already initialized, skipping
Refreshing native plugins compatible for Editor in 0.32 ms, found 0 plugins.
Preloading 0 native plugins for Editor in 0.00 ms.
Unloading 1111 Unused Serialized files (Serialized files now loaded: 0)
System memory in use before: 61.2 MB.
System memory in use after: 61.3 MB.

Unloading 5 unused Assets to reduce memory usage. Loaded Objects now: 1597.
Total: 2.290669 ms (FindLiveObjects: 0.149757 ms CreateObjectMapping: 0.044787 ms MarkObjects: 2.014949 ms  DeleteObjects: 0.079310 ms)

========================================================================
Received Prepare
Registering precompiled user dll's ...
Registered in 0.002940 seconds.
Begin MonoManager ReloadAssembly
Native extension for WindowsStandalone target not found
Refreshing native plugins compatible for Editor in 0.27 ms, found 0 plugins.
Preloading 0 native plugins for Editor in 0.00 ms.
Invoked RoslynAnalysisRunner static constructor.
RoslynAnalysisRunner will not be running.
RoslynAnalysisRunner has terminated.
Mono: successfully reloaded assembly
- Completed reload, in  1.479 seconds
Platform modules already initialized, skipping
Refreshing native plugins compatible for Editor in 0.48 ms, found 0 plugins.
Preloading 0 native plugins for Editor in 0.00 ms.
Unloading 1111 Unused Serialized files (Serialized files now loaded: 0)
System memory in use before: 61.3 MB.
System memory in use after: 61.3 MB.

Unloading 5 unused Assets to reduce memory usage. Loaded Objects now: 1600.
Total: 2.132514 ms (FindLiveObjects: 0.193144 ms CreateObjectMapping: 0.070913 ms MarkObjects: 1.785415 ms  DeleteObjects: 0.080710 ms)

========================================================================
Received Prepare
Registering precompiled user dll's ...
Registered in 0.000954 seconds.
Begin MonoManager ReloadAssembly
Native extension for WindowsStandalone target not found
Refreshing native plugins compatible for Editor in 0.25 ms, found 0 plugins.
Preloading 0 native plugins for Editor in 0.00 ms.
Invoked RoslynAnalysisRunner static constructor.
RoslynAnalysisRunner will not be running.
RoslynAnalysisRunner has terminated.
Mono: successfully reloaded assembly
- Completed reload, in  1.315 seconds
Platform modules already initialized, skipping
Refreshing native plugins compatible for Editor in 0.32 ms, found 0 plugins.
Preloading 0 native plugins for Editor in 0.00 ms.
Unloading 1111 Unused Serialized files (Serialized files now loaded: 0)
System memory in use before: 61.3 MB.
System memory in use after: 61.3 MB.

Unloading 5 unused Assets to reduce memory usage. Loaded Objects now: 1603.
Total: 7.413182 ms (FindLiveObjects: 1.357139 ms CreateObjectMapping: 0.167951 ms MarkObjects: 5.770059 ms  DeleteObjects: 0.115700 ms)

AssetImportWorkerClient::OnTransportError - code=2 error=End of file
